<?xml version="1.0" encoding="UTF-8"?>
<!-- Generated by org.testng.reporters.JUnitXMLReporter -->
<testsuite ignored="0" hostname="SUPPORT2" failures="0" tests="3" name="EdgeTest" time="316.898" errors="0" timestamp="2023-06-08T13:20:56 IST">
  <testcase classname="FirstMaven.FirstMavenClass" name="ScriptNameNecklace" time="153.046"/>
  <testcase classname="FirstMaven.FirstMavenClass" name="ScriptBlockNameNecklace" time="98.532"/>
  <testcase classname="FirstMaven.FirstMavenClass" name="DiamondSpaceNameNecklace" time="54.595"/>
</testsuite> <!-- EdgeTest -->
